#-----------------------------------------------------------
# Vivado v2020.1 (64-bit)
# SW Build 2902540 on Wed May 27 19:54:35 MDT 2020
# IP Build 2902112 on Wed May 27 22:43:36 MDT 2020
# Start of session at: Thu Mar 30 14:24:15 2023
# Process ID: 95925
# Current directory: /home/chuckNoRisc/git_version_finale/Thales_contest
# Command line: vivado
# Log file: /home/chuckNoRisc/git_version_finale/Thales_contest/vivado.log
# Journal file: /home/chuckNoRisc/git_version_finale/Thales_contest/vivado.jou
#-----------------------------------------------------------
start_gui
open_project /home/chuckNoRisc/git_version_finale/Thales_contest/fpga/cva6_fpga.xpr
INFO: [Project 1-313] Project file moved from '/home/boyer/git_complet_pro/Thales_contest/fpga' since last save.
Scanning sources...
Finished scanning sources
WARNING: [filemgmt 56-2] Default IP Output Path : Could not find the directory '/home/chuckNoRisc/git_version_finale/Thales_contest/fpga/cva6_fpga.srcs/sources_1', nor could it be found using path '/home/boyer/git_complet_pro/Thales_contest/fpga/cva6_fpga.srcs/sources_1'.
WARNING: [filemgmt 56-2] IPUserFilesDir: Could not find the directory '/home/chuckNoRisc/git_version_finale/Thales_contest/fpga/cva6_fpga.ip_user_files', nor could it be found using path '/home/boyer/git_complet_pro/Thales_contest/fpga/cva6_fpga.ip_user_files'.
INFO: [IP_Flow 19-234] Refreshing IP repositories
INFO: [IP_Flow 19-1704] No user IP repositories specified
INFO: [IP_Flow 19-2313] Loaded Vivado IP repository '/opt/Vivado/2020.1/data/ip'.
WARNING: [IP_Flow 19-3899] Cannot get the environment domain name variable for the component vendor name. Setting the vendor name to 'user.org'.
open_project: Time (s): cpu = 00:00:15 ; elapsed = 00:00:06 . Memory (MB): peak = 7100.348 ; gain = 36.074 ; free physical = 23191 ; free virtual = 29124
update_compile_order -fileset sources_1
exit
INFO: [Common 17-206] Exiting Vivado at Thu Mar 30 14:25:01 2023...
