#-----------------------------------------------------------
# Vivado v2020.1 (64-bit)
# SW Build 2902540 on Wed May 27 19:54:35 MDT 2020
# IP Build 2902112 on Wed May 27 22:43:36 MDT 2020
# Start of session at: Thu Mar 23 18:00:16 2023
# Process ID: 8409
# Current directory: /home/boyer/git_complet_pro/Thales_contest/fpga
# Command line: vivado cva6_fpga.xpr
# Log file: /home/boyer/git_complet_pro/Thales_contest/fpga/vivado.log
# Journal file: /home/boyer/git_complet_pro/Thales_contest/fpga/vivado.jou
#-----------------------------------------------------------
start_gui
open_project cva6_fpga.xpr
Scanning sources...
Finished scanning sources
WARNING: [filemgmt 56-3] Default IP Output Path : Could not find the directory '/home/boyer/git_complet_pro/Thales_contest/fpga/cva6_fpga.srcs/sources_1'.
INFO: [IP_Flow 19-234] Refreshing IP repositories
INFO: [IP_Flow 19-1704] No user IP repositories specified
INFO: [IP_Flow 19-2313] Loaded Vivado IP repository '/home/boyer/App/Xilinx/Vivado/2020.1/data/ip'.
WARNING: [IP_Flow 19-3899] Cannot get the environment domain name variable for the component vendor name. Setting the vendor name to 'user.org'.
update_compile_order -fileset sources_1
exit
INFO: [Common 17-206] Exiting Vivado at Thu Mar 23 18:13:34 2023...
