Copyright 1986-2020 Xilinx, Inc. All Rights Reserved.
-------------------------------------------------------------------------------------------------------------------------
| Tool Version : Vivado v.2020.1 (lin64) Build 2902540 Wed May 27 19:54:35 MDT 2020
| Date         : Mon Apr 10 09:51:43 2023
| Host         : boyer-Inspiron-16-Plus running 64-bit Ubuntu 20.04.5 LTS
| Command      : report_utilization -file cva6_zybo_z7_20_utilization_synth.rpt -pb cva6_zybo_z7_20_utilization_synth.pb
| Design       : cva6_zybo_z7_20
| Device       : 7z020clg400-1
| Design State : Synthesized
-------------------------------------------------------------------------------------------------------------------------

Utilization Design Information

Table of Contents
-----------------
1. Slice Logic
1.1 Summary of Registers by Type
2. Memory
3. DSP
4. IO and GT Specific
5. Clocking
6. Specific Feature
7. Primitives
8. Black Boxes
9. Instantiated Netlists

1. Slice Logic
--------------

+-------------------------+-------+-------+-----------+-------+
|        Site Type        |  Used | Fixed | Available | Util% |
+-------------------------+-------+-------+-----------+-------+
| Slice LUTs*             | 26552 |     0 |     53200 | 49.91 |
|   LUT as Logic          | 26552 |     0 |     53200 | 49.91 |
|   LUT as Memory         |     0 |     0 |     17400 |  0.00 |
| Slice Registers         | 22895 |     0 |    106400 | 21.52 |
|   Register as Flip Flop | 22895 |     0 |    106400 | 21.52 |
|   Register as Latch     |     0 |     0 |    106400 |  0.00 |
| F7 Muxes                |  1308 |     0 |     26600 |  4.92 |
| F8 Muxes                |    34 |     0 |     13300 |  0.26 |
+-------------------------+-------+-------+-----------+-------+
* Warning! The Final LUT count, after physical optimizations and full implementation, is typically lower. Run opt_design after synthesis, if not already completed, for a more realistic count.


1.1 Summary of Registers by Type
--------------------------------

+-------+--------------+-------------+--------------+
| Total | Clock Enable | Synchronous | Asynchronous |
+-------+--------------+-------------+--------------+
| 0     |            _ |           - |            - |
| 0     |            _ |           - |          Set |
| 0     |            _ |           - |        Reset |
| 0     |            _ |         Set |            - |
| 0     |            _ |       Reset |            - |
| 0     |          Yes |           - |            - |
| 45    |          Yes |           - |          Set |
| 22835 |          Yes |           - |        Reset |
| 0     |          Yes |         Set |            - |
| 15    |          Yes |       Reset |            - |
+-------+--------------+-------------+--------------+


2. Memory
---------

+-------------------+------+-------+-----------+-------+
|     Site Type     | Used | Fixed | Available | Util% |
+-------------------+------+-------+-----------+-------+
| Block RAM Tile    |   38 |     0 |       140 | 27.14 |
|   RAMB36/FIFO*    |   38 |     0 |       140 | 27.14 |
|     RAMB36E1 only |   38 |       |           |       |
|   RAMB18          |    0 |     0 |       280 |  0.00 |
+-------------------+------+-------+-----------+-------+
* Note: Each Block RAM Tile only has one FIFO logic available and therefore can accommodate only one FIFO36E1 or one FIFO18E1. However, if a FIFO18E1 occupies a Block RAM Tile, that tile can still accommodate a RAMB18E1


3. DSP
------

+----------------+------+-------+-----------+-------+
|    Site Type   | Used | Fixed | Available | Util% |
+----------------+------+-------+-----------+-------+
| DSPs           |    4 |     0 |       220 |  1.82 |
|   DSP48E1 only |    4 |       |           |       |
+----------------+------+-------+-----------+-------+


4. IO and GT Specific
---------------------

+-----------------------------+------+-------+-----------+-------+
|          Site Type          | Used | Fixed | Available | Util% |
+-----------------------------+------+-------+-----------+-------+
| Bonded IOB                  |   12 |     0 |       125 |  9.60 |
| Bonded IPADs                |    0 |     0 |         2 |  0.00 |
| Bonded IOPADs               |    0 |     0 |       130 |  0.00 |
| PHY_CONTROL                 |    0 |     0 |         4 |  0.00 |
| PHASER_REF                  |    0 |     0 |         4 |  0.00 |
| OUT_FIFO                    |    0 |     0 |        16 |  0.00 |
| IN_FIFO                     |    0 |     0 |        16 |  0.00 |
| IDELAYCTRL                  |    0 |     0 |         4 |  0.00 |
| IBUFDS                      |    0 |     0 |       121 |  0.00 |
| PHASER_OUT/PHASER_OUT_PHY   |    0 |     0 |        16 |  0.00 |
| PHASER_IN/PHASER_IN_PHY     |    0 |     0 |        16 |  0.00 |
| IDELAYE2/IDELAYE2_FINEDELAY |    0 |     0 |       200 |  0.00 |
| ILOGIC                      |    0 |     0 |       125 |  0.00 |
| OLOGIC                      |    0 |     0 |       125 |  0.00 |
+-----------------------------+------+-------+-----------+-------+


5. Clocking
-----------

+------------+------+-------+-----------+-------+
|  Site Type | Used | Fixed | Available | Util% |
+------------+------+-------+-----------+-------+
| BUFGCTRL   |    1 |     0 |        32 |  3.13 |
| BUFIO      |    0 |     0 |        16 |  0.00 |
| MMCME2_ADV |    0 |     0 |         4 |  0.00 |
| PLLE2_ADV  |    0 |     0 |         4 |  0.00 |
| BUFMRCE    |    0 |     0 |         8 |  0.00 |
| BUFHCE     |    0 |     0 |        72 |  0.00 |
| BUFR       |    0 |     0 |        16 |  0.00 |
+------------+------+-------+-----------+-------+


6. Specific Feature
-------------------

+-------------+------+-------+-----------+-------+
|  Site Type  | Used | Fixed | Available | Util% |
+-------------+------+-------+-----------+-------+
| BSCANE2     |    0 |     0 |         4 |  0.00 |
| CAPTUREE2   |    0 |     0 |         1 |  0.00 |
| DNA_PORT    |    0 |     0 |         1 |  0.00 |
| EFUSE_USR   |    0 |     0 |         1 |  0.00 |
| FRAME_ECCE2 |    0 |     0 |         1 |  0.00 |
| ICAPE2      |    0 |     0 |         2 |  0.00 |
| STARTUPE2   |    0 |     0 |         1 |  0.00 |
| XADC        |    0 |     0 |         1 |  0.00 |
+-------------+------+-------+-----------+-------+


7. Primitives
-------------

+----------+-------+---------------------+
| Ref Name |  Used | Functional Category |
+----------+-------+---------------------+
| FDCE     | 22835 |        Flop & Latch |
| LUT6     | 11388 |                 LUT |
| LUT3     |  8525 |                 LUT |
| LUT5     |  6516 |                 LUT |
| LUT4     |  3288 |                 LUT |
| LUT2     |  2929 |                 LUT |
| CARRY4   |  1356 |          CarryLogic |
| MUXF7    |  1308 |               MuxFx |
| LUT1     |   164 |                 LUT |
| FDPE     |    45 |        Flop & Latch |
| RAMB36E1 |    38 |        Block Memory |
| MUXF8    |    34 |               MuxFx |
| FDRE     |    15 |        Flop & Latch |
| OBUF     |     6 |                  IO |
| IBUF     |     6 |                  IO |
| DSP48E1  |     4 |    Block Arithmetic |
| BUFG     |     1 |               Clock |
+----------+-------+---------------------+


8. Black Boxes
--------------

+-------------------------------------+------+
|               Ref Name              | Used |
+-------------------------------------+------+
| xlnx_clk_gen                        |    1 |
| xlnx_blk_mem_gen                    |    1 |
| xlnx_axi_dwidth_converter_dm_slave  |    1 |
| xlnx_axi_dwidth_converter_dm_master |    1 |
+-------------------------------------+------+


9. Instantiated Netlists
------------------------

+----------+------+
| Ref Name | Used |
+----------+------+


