The target system is: Generic - 3.2.99 - riscv
The host system is: Linux - 5.15.0-58-generic - x86_64
Compiling the C compiler identification source file "CMakeCCompilerId.c" succeeded.
Compiler: /opt/toolchains/zephyr-sdk-0.15.1/riscv64-zephyr-elf/bin/riscv64-zephyr-elf-gcc 
Build flags: 
Id flags:  

The output was:
0


Compilation of the C compiler identification source "CMakeCCompilerId.c" produced "a.out"

The C compiler identification is GNU, found in "/workdir/build/CMakeFiles/3.20.5/CompilerIdC/a.out"

Compiling the CXX compiler identification source file "CMakeCXXCompilerId.cpp" succeeded.
Compiler: /opt/toolchains/zephyr-sdk-0.15.1/riscv64-zephyr-elf/bin/riscv64-zephyr-elf-g++ 
Build flags: 
Id flags:  

The output was:
0


Compilation of the CXX compiler identification source "CMakeCXXCompilerId.cpp" produced "a.out"

The CXX compiler identification is GNU, found in "/workdir/build/CMakeFiles/3.20.5/CompilerIdCXX/a.out"

Checking whether the ASM compiler is GNU using "--version" matched "(GNU assembler)|(GCC)|(Free Software Foundation)":
riscv64-zephyr-elf-gcc (Zephyr SDK 0.15.1) 12.1.0
Copyright (C) 2022 Free Software Foundation, Inc.
This is free software; see the source for copying conditions.  There is NO
warranty; not even for MERCHANTABILITY or FITNESS FOR A PARTICULAR PURPOSE.

Performing C SOURCE FILE Test check_C__nostartfiles__nostdlib__isystem___opt_toolchains_zephyr_sdk_0_15_1_riscv64_zephyr_elf_bin____lib_gcc_riscv64_zephyr_elf_12_1_0_include___isystem___opt_toolchains_zephyr_sdk_0_15_1_riscv64_zephyr_elf_bin____lib_gcc_riscv64_zephyr_elf_12_1_0_include_fixed___Wl___unresolved_symbols_ignore_in_object_files__Wl___entry_0 succeeded with the following output:
Change Dir: /workdir/build/CMakeFiles/CMakeTmp

Run Build Command(s):/usr/bin/ninja cmTC_568b7 && [1/2] Building C object CMakeFiles/cmTC_568b7.dir/src.c.obj
[2/2] Linking C executable cmTC_568b7


Source file was:
int main(void) { return 0; }
Performing C SOURCE FILE Test check_C__nostartfiles__nostdlib__isystem___opt_toolchains_zephyr_sdk_0_15_1_riscv64_zephyr_elf_bin____lib_gcc_riscv64_zephyr_elf_12_1_0_include___isystem___opt_toolchains_zephyr_sdk_0_15_1_riscv64_zephyr_elf_bin____lib_gcc_riscv64_zephyr_elf_12_1_0_include_fixed___Wl___unresolved_symbols_ignore_in_object_files__Wl___entry_0_ succeeded with the following output:
Change Dir: /workdir/build/CMakeFiles/CMakeTmp

Run Build Command(s):/usr/bin/ninja cmTC_fd5a4 && [1/2] Building C object CMakeFiles/cmTC_fd5a4.dir/src.c.obj
[2/2] Linking C executable cmTC_fd5a4


Source file was:
int main(void) { return 0; }
Performing C SOURCE FILE Test check_Wall_C__nostartfiles__nostdlib__isystem___opt_toolchains_zephyr_sdk_0_15_1_riscv64_zephyr_elf_bin____lib_gcc_riscv64_zephyr_elf_12_1_0_include___isystem___opt_toolchains_zephyr_sdk_0_15_1_riscv64_zephyr_elf_bin____lib_gcc_riscv64_zephyr_elf_12_1_0_include_fixed___Wl___unresolved_symbols_ignore_in_object_files__Wl___entry_0 succeeded with the following output:
Change Dir: /workdir/build/CMakeFiles/CMakeTmp

Run Build Command(s):/usr/bin/ninja cmTC_b1e73 && [1/2] Building C object CMakeFiles/cmTC_b1e73.dir/src.c.obj
[2/2] Linking C executable cmTC_b1e73


Source file was:
int main(void) { return 0; }
Performing C SOURCE FILE Test check_Wformat__Wformat_security_C__nostartfiles__nostdlib__isystem___opt_toolchains_zephyr_sdk_0_15_1_riscv64_zephyr_elf_bin____lib_gcc_riscv64_zephyr_elf_12_1_0_include___isystem___opt_toolchains_zephyr_sdk_0_15_1_riscv64_zephyr_elf_bin____lib_gcc_riscv64_zephyr_elf_12_1_0_include_fixed___Wl___unresolved_symbols_ignore_in_object_files__Wl___entry_0 succeeded with the following output:
Change Dir: /workdir/build/CMakeFiles/CMakeTmp

Run Build Command(s):/usr/bin/ninja cmTC_ec931 && [1/2] Building C object CMakeFiles/cmTC_ec931.dir/src.c.obj
[2/2] Linking C executable cmTC_ec931


Source file was:
int main(void) { return 0; }
Performing C SOURCE FILE Test check_Wformat__Wformat_zero_length_C__nostartfiles__nostdlib__isystem___opt_toolchains_zephyr_sdk_0_15_1_riscv64_zephyr_elf_bin____lib_gcc_riscv64_zephyr_elf_12_1_0_include___isystem___opt_toolchains_zephyr_sdk_0_15_1_riscv64_zephyr_elf_bin____lib_gcc_riscv64_zephyr_elf_12_1_0_include_fixed___Wl___unresolved_symbols_ignore_in_object_files__Wl___entry_0 succeeded with the following output:
Change Dir: /workdir/build/CMakeFiles/CMakeTmp

Run Build Command(s):/usr/bin/ninja cmTC_432c0 && [1/2] Building C object CMakeFiles/cmTC_432c0.dir/src.c.obj
[2/2] Linking C executable cmTC_432c0


Source file was:
int main(void) { return 0; }
Performing C SOURCE FILE Test check_Wmain_C__nostartfiles__nostdlib__isystem___opt_toolchains_zephyr_sdk_0_15_1_riscv64_zephyr_elf_bin____lib_gcc_riscv64_zephyr_elf_12_1_0_include___isystem___opt_toolchains_zephyr_sdk_0_15_1_riscv64_zephyr_elf_bin____lib_gcc_riscv64_zephyr_elf_12_1_0_include_fixed___Wl___unresolved_symbols_ignore_in_object_files__Wl___entry_0 succeeded with the following output:
Change Dir: /workdir/build/CMakeFiles/CMakeTmp

Run Build Command(s):/usr/bin/ninja cmTC_c167d && [1/2] Building C object CMakeFiles/cmTC_c167d.dir/src.c.obj
[2/2] Linking C executable cmTC_c167d


Source file was:
int main(void) { return 0; }
Performing C SOURCE FILE Test check_Wpointer_sign_C__nostartfiles__nostdlib__isystem___opt_toolchains_zephyr_sdk_0_15_1_riscv64_zephyr_elf_bin____lib_gcc_riscv64_zephyr_elf_12_1_0_include___isystem___opt_toolchains_zephyr_sdk_0_15_1_riscv64_zephyr_elf_bin____lib_gcc_riscv64_zephyr_elf_12_1_0_include_fixed___Wl___unresolved_symbols_ignore_in_object_files__Wl___entry_0 succeeded with the following output:
Change Dir: /workdir/build/CMakeFiles/CMakeTmp

Run Build Command(s):/usr/bin/ninja cmTC_78c20 && [1/2] Building C object CMakeFiles/cmTC_78c20.dir/src.c.obj
[2/2] Linking C executable cmTC_78c20


Source file was:
int main(void) { return 0; }
Performing C SOURCE FILE Test check_Wpointer_arith_C__nostartfiles__nostdlib__isystem___opt_toolchains_zephyr_sdk_0_15_1_riscv64_zephyr_elf_bin____lib_gcc_riscv64_zephyr_elf_12_1_0_include___isystem___opt_toolchains_zephyr_sdk_0_15_1_riscv64_zephyr_elf_bin____lib_gcc_riscv64_zephyr_elf_12_1_0_include_fixed___Wl___unresolved_symbols_ignore_in_object_files__Wl___entry_0 succeeded with the following output:
Change Dir: /workdir/build/CMakeFiles/CMakeTmp

Run Build Command(s):/usr/bin/ninja cmTC_bf438 && [1/2] Building C object CMakeFiles/cmTC_bf438.dir/src.c.obj
[2/2] Linking C executable cmTC_bf438


Source file was:
int main(void) { return 0; }
Performing C SOURCE FILE Test check_Wexpansion_to_defined_C__nostartfiles__nostdlib__isystem___opt_toolchains_zephyr_sdk_0_15_1_riscv64_zephyr_elf_bin____lib_gcc_riscv64_zephyr_elf_12_1_0_include___isystem___opt_toolchains_zephyr_sdk_0_15_1_riscv64_zephyr_elf_bin____lib_gcc_riscv64_zephyr_elf_12_1_0_include_fixed___Wl___unresolved_symbols_ignore_in_object_files__Wl___entry_0 succeeded with the following output:
Change Dir: /workdir/build/CMakeFiles/CMakeTmp

Run Build Command(s):/usr/bin/ninja cmTC_0694d && [1/2] Building C object CMakeFiles/cmTC_0694d.dir/src.c.obj
[2/2] Linking C executable cmTC_0694d


Source file was:
int main(void) { return 0; }
Performing C SOURCE FILE Test check_Wlogical_op_C__nostartfiles__nostdlib__isystem___opt_toolchains_zephyr_sdk_0_15_1_riscv64_zephyr_elf_bin____lib_gcc_riscv64_zephyr_elf_12_1_0_include___isystem___opt_toolchains_zephyr_sdk_0_15_1_riscv64_zephyr_elf_bin____lib_gcc_riscv64_zephyr_elf_12_1_0_include_fixed___Wl___unresolved_symbols_ignore_in_object_files__Wl___entry_0 succeeded with the following output:
Change Dir: /workdir/build/CMakeFiles/CMakeTmp

Run Build Command(s):/usr/bin/ninja cmTC_f63b3 && [1/2] Building C object CMakeFiles/cmTC_f63b3.dir/src.c.obj
[2/2] Linking C executable cmTC_f63b3


Source file was:
int main(void) { return 0; }
Performing C SOURCE FILE Test check_Wmissing_field_initializers_C__nostartfiles__nostdlib__isystem___opt_toolchains_zephyr_sdk_0_15_1_riscv64_zephyr_elf_bin____lib_gcc_riscv64_zephyr_elf_12_1_0_include___isystem___opt_toolchains_zephyr_sdk_0_15_1_riscv64_zephyr_elf_bin____lib_gcc_riscv64_zephyr_elf_12_1_0_include_fixed___Wl___unresolved_symbols_ignore_in_object_files__Wl___entry_0 succeeded with the following output:
Change Dir: /workdir/build/CMakeFiles/CMakeTmp

Run Build Command(s):/usr/bin/ninja cmTC_7da70 && [1/2] Building C object CMakeFiles/cmTC_7da70.dir/src.c.obj
[2/2] Linking C executable cmTC_7da70


Source file was:
int main(void) { return 0; }
Performing C SOURCE FILE Test check_Wpacked_bitfield_compat_C__nostartfiles__nostdlib__isystem___opt_toolchains_zephyr_sdk_0_15_1_riscv64_zephyr_elf_bin____lib_gcc_riscv64_zephyr_elf_12_1_0_include___isystem___opt_toolchains_zephyr_sdk_0_15_1_riscv64_zephyr_elf_bin____lib_gcc_riscv64_zephyr_elf_12_1_0_include_fixed___Wl___unresolved_symbols_ignore_in_object_files__Wl___entry_0 succeeded with the following output:
Change Dir: /workdir/build/CMakeFiles/CMakeTmp

Run Build Command(s):/usr/bin/ninja cmTC_ecd4c && [1/2] Building C object CMakeFiles/cmTC_ecd4c.dir/src.c.obj
[2/2] Linking C executable cmTC_ecd4c


Source file was:
int main(void) { return 0; }
Performing C SOURCE FILE Test check_Wvla_C__nostartfiles__nostdlib__isystem___opt_toolchains_zephyr_sdk_0_15_1_riscv64_zephyr_elf_bin____lib_gcc_riscv64_zephyr_elf_12_1_0_include___isystem___opt_toolchains_zephyr_sdk_0_15_1_riscv64_zephyr_elf_bin____lib_gcc_riscv64_zephyr_elf_12_1_0_include_fixed___Wl___unresolved_symbols_ignore_in_object_files__Wl___entry_0 succeeded with the following output:
Change Dir: /workdir/build/CMakeFiles/CMakeTmp

Run Build Command(s):/usr/bin/ninja cmTC_b72be && [1/2] Building C object CMakeFiles/cmTC_b72be.dir/src.c.obj
[2/2] Linking C executable cmTC_b72be


Source file was:
int main(void) { return 0; }
Performing C SOURCE FILE Test check_Wunused_but_set_variable_C__nostartfiles__nostdlib__isystem___opt_toolchains_zephyr_sdk_0_15_1_riscv64_zephyr_elf_bin____lib_gcc_riscv64_zephyr_elf_12_1_0_include___isystem___opt_toolchains_zephyr_sdk_0_15_1_riscv64_zephyr_elf_bin____lib_gcc_riscv64_zephyr_elf_12_1_0_include_fixed___Wl___unresolved_symbols_ignore_in_object_files__Wl___entry_0 succeeded with the following output:
Change Dir: /workdir/build/CMakeFiles/CMakeTmp

Run Build Command(s):/usr/bin/ninja cmTC_a19ce && [1/2] Building C object CMakeFiles/cmTC_a19ce.dir/src.c.obj
[2/2] Linking C executable cmTC_a19ce


Source file was:
int main(void) { return 0; }
Performing C SOURCE FILE Test check_Werror_implicit_int_C__nostartfiles__nostdlib__isystem___opt_toolchains_zephyr_sdk_0_15_1_riscv64_zephyr_elf_bin____lib_gcc_riscv64_zephyr_elf_12_1_0_include___isystem___opt_toolchains_zephyr_sdk_0_15_1_riscv64_zephyr_elf_bin____lib_gcc_riscv64_zephyr_elf_12_1_0_include_fixed___Wl___unresolved_symbols_ignore_in_object_files__Wl___entry_0 succeeded with the following output:
Change Dir: /workdir/build/CMakeFiles/CMakeTmp

Run Build Command(s):/usr/bin/ninja cmTC_151f6 && [1/2] Building C object CMakeFiles/cmTC_151f6.dir/src.c.obj
[2/2] Linking C executable cmTC_151f6


Source file was:
int main(void) { return 0; }
Performing C SOURCE FILE Test check_mstack_protector_guard_global_C__nostartfiles__nostdlib__isystem___opt_toolchains_zephyr_sdk_0_15_1_riscv64_zephyr_elf_bin____lib_gcc_riscv64_zephyr_elf_12_1_0_include___isystem___opt_toolchains_zephyr_sdk_0_15_1_riscv64_zephyr_elf_bin____lib_gcc_riscv64_zephyr_elf_12_1_0_include_fixed___Wl___unresolved_symbols_ignore_in_object_files__Wl___entry_0 succeeded with the following output:
Change Dir: /workdir/build/CMakeFiles/CMakeTmp

Run Build Command(s):/usr/bin/ninja cmTC_c5b21 && [1/2] Building C object CMakeFiles/cmTC_c5b21.dir/src.c.obj
[2/2] Linking C executable cmTC_c5b21


Source file was:
int main(void) { return 0; }
Performing C SOURCE FILE Test check_fno_freestanding_C__nostartfiles__nostdlib__isystem___opt_toolchains_zephyr_sdk_0_15_1_riscv64_zephyr_elf_bin____lib_gcc_riscv64_zephyr_elf_12_1_0_include___isystem___opt_toolchains_zephyr_sdk_0_15_1_riscv64_zephyr_elf_bin____lib_gcc_riscv64_zephyr_elf_12_1_0_include_fixed___Wl___unresolved_symbols_ignore_in_object_files__Wl___entry_0 succeeded with the following output:
Change Dir: /workdir/build/CMakeFiles/CMakeTmp

Run Build Command(s):/usr/bin/ninja cmTC_24857 && [1/2] Building C object CMakeFiles/cmTC_24857.dir/src.c.obj
[2/2] Linking C executable cmTC_24857


Source file was:
int main(void) { return 0; }
Performing C SOURCE FILE Test check_ffreestanding_C__nostartfiles__nostdlib__isystem___opt_toolchains_zephyr_sdk_0_15_1_riscv64_zephyr_elf_bin____lib_gcc_riscv64_zephyr_elf_12_1_0_include___isystem___opt_toolchains_zephyr_sdk_0_15_1_riscv64_zephyr_elf_bin____lib_gcc_riscv64_zephyr_elf_12_1_0_include_fixed___Wl___unresolved_symbols_ignore_in_object_files__Wl___entry_0 succeeded with the following output:
Change Dir: /workdir/build/CMakeFiles/CMakeTmp

Run Build Command(s):/usr/bin/ninja cmTC_e1aaa && [1/2] Building C object CMakeFiles/cmTC_e1aaa.dir/src.c.obj
[2/2] Linking C executable cmTC_e1aaa


Source file was:
int main(void) { return 0; }
Performing C SOURCE FILE Test check_gdwarf_4_C__nostartfiles__nostdlib__isystem___opt_toolchains_zephyr_sdk_0_15_1_riscv64_zephyr_elf_bin____lib_gcc_riscv64_zephyr_elf_12_1_0_include___isystem___opt_toolchains_zephyr_sdk_0_15_1_riscv64_zephyr_elf_bin____lib_gcc_riscv64_zephyr_elf_12_1_0_include_fixed___Wl___unresolved_symbols_ignore_in_object_files__Wl___entry_0 succeeded with the following output:
Change Dir: /workdir/build/CMakeFiles/CMakeTmp

Run Build Command(s):/usr/bin/ninja cmTC_d45e1 && [1/2] Building C object CMakeFiles/cmTC_d45e1.dir/src.c.obj
[2/2] Linking C executable cmTC_d45e1


Source file was:
int main(void) { return 0; }
Performing C SOURCE FILE Test check_C__nostartfiles__nostdlib__isystem___opt_toolchains_zephyr_sdk_0_15_1_riscv64_zephyr_elf_bin____lib_gcc_riscv64_zephyr_elf_12_1_0_include___isystem___opt_toolchains_zephyr_sdk_0_15_1_riscv64_zephyr_elf_bin____lib_gcc_riscv64_zephyr_elf_12_1_0_include_fixed___Wl___unresolved_symbols_ignore_in_object_files__Wl___entry_0__Wl___print_memory_usage succeeded with the following output:
Change Dir: /workdir/build/CMakeFiles/CMakeTmp

Run Build Command(s):/usr/bin/ninja cmTC_7ae1c && [1/2] Building C object CMakeFiles/cmTC_7ae1c.dir/src.c.obj
[2/2] Linking C executable cmTC_7ae1c
Memory region         Used Size  Region Size  %age Used


Source file was:
int main(void) { return 0; }
Performing C SOURCE FILE Test check_C__nostartfiles__nostdlib__isystem___opt_toolchains_zephyr_sdk_0_15_1_riscv64_zephyr_elf_bin____lib_gcc_riscv64_zephyr_elf_12_1_0_include___isystem___opt_toolchains_zephyr_sdk_0_15_1_riscv64_zephyr_elf_bin____lib_gcc_riscv64_zephyr_elf_12_1_0_include_fixed___Wl___unresolved_symbols_ignore_in_object_files__Wl___entry_0__pg succeeded with the following output:
Change Dir: /workdir/build/CMakeFiles/CMakeTmp

Run Build Command(s):/usr/bin/ninja cmTC_504b7 && [1/2] Building C object CMakeFiles/cmTC_504b7.dir/src.c.obj
[2/2] Linking C executable cmTC_504b7


Source file was:
int main(void) { return 0; }
Performing C SOURCE FILE Test check_C__nostartfiles__nostdlib__isystem___opt_toolchains_zephyr_sdk_0_15_1_riscv64_zephyr_elf_bin____lib_gcc_riscv64_zephyr_elf_12_1_0_include___isystem___opt_toolchains_zephyr_sdk_0_15_1_riscv64_zephyr_elf_bin____lib_gcc_riscv64_zephyr_elf_12_1_0_include_fixed___Wl___unresolved_symbols_ignore_in_object_files__Wl___entry_0__no_pie__mabi_ilp32__march_rv32imac_zicsr_zifencei succeeded with the following output:
Change Dir: /workdir/build/CMakeFiles/CMakeTmp

Run Build Command(s):/usr/bin/ninja cmTC_557be && [1/2] Building C object CMakeFiles/cmTC_557be.dir/src.c.obj
[2/2] Linking C executable cmTC_557be


Source file was:
int main(void) { return 0; }
Performing C SOURCE FILE Test check_C__nostartfiles__nostdlib__isystem___opt_toolchains_zephyr_sdk_0_15_1_riscv64_zephyr_elf_bin____lib_gcc_riscv64_zephyr_elf_12_1_0_include___isystem___opt_toolchains_zephyr_sdk_0_15_1_riscv64_zephyr_elf_bin____lib_gcc_riscv64_zephyr_elf_12_1_0_include_fixed___Wl___unresolved_symbols_ignore_in_object_files__Wl___entry_0__Wl___gc_sections succeeded with the following output:
Change Dir: /workdir/build/CMakeFiles/CMakeTmp

Run Build Command(s):/usr/bin/ninja cmTC_887b6 && [1/2] Building C object CMakeFiles/cmTC_887b6.dir/src.c.obj
[2/2] Linking C executable cmTC_887b6


Source file was:
int main(void) { return 0; }
Performing C SOURCE FILE Test check_C__nostartfiles__nostdlib__isystem___opt_toolchains_zephyr_sdk_0_15_1_riscv64_zephyr_elf_bin____lib_gcc_riscv64_zephyr_elf_12_1_0_include___isystem___opt_toolchains_zephyr_sdk_0_15_1_riscv64_zephyr_elf_bin____lib_gcc_riscv64_zephyr_elf_12_1_0_include_fixed___Wl___unresolved_symbols_ignore_in_object_files__Wl___entry_0__Wl___build_id_none succeeded with the following output:
Change Dir: /workdir/build/CMakeFiles/CMakeTmp

Run Build Command(s):/usr/bin/ninja cmTC_3c86e && [1/2] Building C object CMakeFiles/cmTC_3c86e.dir/src.c.obj
[2/2] Linking C executable cmTC_3c86e


Source file was:
int main(void) { return 0; }
Performing C SOURCE FILE Test check_C__nostartfiles__nostdlib__isystem___opt_toolchains_zephyr_sdk_0_15_1_riscv64_zephyr_elf_bin____lib_gcc_riscv64_zephyr_elf_12_1_0_include___isystem___opt_toolchains_zephyr_sdk_0_15_1_riscv64_zephyr_elf_bin____lib_gcc_riscv64_zephyr_elf_12_1_0_include_fixed___Wl___unresolved_symbols_ignore_in_object_files__Wl___entry_0__Wl___sort_common_descending succeeded with the following output:
Change Dir: /workdir/build/CMakeFiles/CMakeTmp

Run Build Command(s):/usr/bin/ninja cmTC_10610 && [1/2] Building C object CMakeFiles/cmTC_10610.dir/src.c.obj
[2/2] Linking C executable cmTC_10610


Source file was:
int main(void) { return 0; }
Performing C SOURCE FILE Test check_C__nostartfiles__nostdlib__isystem___opt_toolchains_zephyr_sdk_0_15_1_riscv64_zephyr_elf_bin____lib_gcc_riscv64_zephyr_elf_12_1_0_include___isystem___opt_toolchains_zephyr_sdk_0_15_1_riscv64_zephyr_elf_bin____lib_gcc_riscv64_zephyr_elf_12_1_0_include_fixed___Wl___unresolved_symbols_ignore_in_object_files__Wl___entry_0__Wl___sort_section_alignment succeeded with the following output:
Change Dir: /workdir/build/CMakeFiles/CMakeTmp

Run Build Command(s):/usr/bin/ninja cmTC_56721 && [1/2] Building C object CMakeFiles/cmTC_56721.dir/src.c.obj
[2/2] Linking C executable cmTC_56721


Source file was:
int main(void) { return 0; }
Performing C SOURCE FILE Test check_C__nostartfiles__nostdlib__isystem___opt_toolchains_zephyr_sdk_0_15_1_riscv64_zephyr_elf_bin____lib_gcc_riscv64_zephyr_elf_12_1_0_include___isystem___opt_toolchains_zephyr_sdk_0_15_1_riscv64_zephyr_elf_bin____lib_gcc_riscv64_zephyr_elf_12_1_0_include_fixed___Wl___unresolved_symbols_ignore_in_object_files__Wl___entry_0__nostdlib succeeded with the following output:
Change Dir: /workdir/build/CMakeFiles/CMakeTmp

Run Build Command(s):/usr/bin/ninja cmTC_e6e8b && [1/2] Building C object CMakeFiles/cmTC_e6e8b.dir/src.c.obj
[2/2] Linking C executable cmTC_e6e8b


Source file was:
int main(void) { return 0; }
Performing C SOURCE FILE Test check_C__nostartfiles__nostdlib__isystem___opt_toolchains_zephyr_sdk_0_15_1_riscv64_zephyr_elf_bin____lib_gcc_riscv64_zephyr_elf_12_1_0_include___isystem___opt_toolchains_zephyr_sdk_0_15_1_riscv64_zephyr_elf_bin____lib_gcc_riscv64_zephyr_elf_12_1_0_include_fixed___Wl___unresolved_symbols_ignore_in_object_files__Wl___entry_0__static succeeded with the following output:
Change Dir: /workdir/build/CMakeFiles/CMakeTmp

Run Build Command(s):/usr/bin/ninja cmTC_0f859 && [1/2] Building C object CMakeFiles/cmTC_0f859.dir/src.c.obj
[2/2] Linking C executable cmTC_0f859


Source file was:
int main(void) { return 0; }
Performing C SOURCE FILE Test check_C__nostartfiles__nostdlib__isystem___opt_toolchains_zephyr_sdk_0_15_1_riscv64_zephyr_elf_bin____lib_gcc_riscv64_zephyr_elf_12_1_0_include___isystem___opt_toolchains_zephyr_sdk_0_15_1_riscv64_zephyr_elf_bin____lib_gcc_riscv64_zephyr_elf_12_1_0_include_fixed___Wl___unresolved_symbols_ignore_in_object_files__Wl___entry_0__Wl__X succeeded with the following output:
Change Dir: /workdir/build/CMakeFiles/CMakeTmp

Run Build Command(s):/usr/bin/ninja cmTC_befaa && [1/2] Building C object CMakeFiles/cmTC_befaa.dir/src.c.obj
[2/2] Linking C executable cmTC_befaa


Source file was:
int main(void) { return 0; }
Performing C SOURCE FILE Test check_C__nostartfiles__nostdlib__isystem___opt_toolchains_zephyr_sdk_0_15_1_riscv64_zephyr_elf_bin____lib_gcc_riscv64_zephyr_elf_12_1_0_include___isystem___opt_toolchains_zephyr_sdk_0_15_1_riscv64_zephyr_elf_bin____lib_gcc_riscv64_zephyr_elf_12_1_0_include_fixed___Wl___unresolved_symbols_ignore_in_object_files__Wl___entry_0__Wl__N succeeded with the following output:
Change Dir: /workdir/build/CMakeFiles/CMakeTmp

Run Build Command(s):/usr/bin/ninja cmTC_cc245 && [1/2] Building C object CMakeFiles/cmTC_cc245.dir/src.c.obj
[2/2] Linking C executable cmTC_cc245


Source file was:
int main(void) { return 0; }
Performing C SOURCE FILE Test check_C__nostartfiles__nostdlib__isystem___opt_toolchains_zephyr_sdk_0_15_1_riscv64_zephyr_elf_bin____lib_gcc_riscv64_zephyr_elf_12_1_0_include___isystem___opt_toolchains_zephyr_sdk_0_15_1_riscv64_zephyr_elf_bin____lib_gcc_riscv64_zephyr_elf_12_1_0_include_fixed___Wl___unresolved_symbols_ignore_in_object_files__Wl___entry_0__Wl___orphan_handling_warn succeeded with the following output:
Change Dir: /workdir/build/CMakeFiles/CMakeTmp

Run Build Command(s):/usr/bin/ninja cmTC_7e8da && [1/2] Building C object CMakeFiles/cmTC_7e8da.dir/src.c.obj
[2/2] Linking C executable cmTC_7e8da
/opt/toolchains/zephyr-sdk-0.15.1/riscv64-zephyr-elf/bin/../lib/gcc/riscv64-zephyr-elf/12.1.0/../../../../riscv64-zephyr-elf/bin/ld: warning: orphan section `.riscv.attributes' from `CMakeFiles/cmTC_7e8da.dir/src.c.obj' being placed in section `.riscv.attributes'


Source file was:
int main(void) { return 0; }
Performing C SOURCE FILE Test check_fno_asynchronous_unwind_tables_C__nostartfiles__nostdlib__isystem___opt_toolchains_zephyr_sdk_0_15_1_riscv64_zephyr_elf_bin____lib_gcc_riscv64_zephyr_elf_12_1_0_include___isystem___opt_toolchains_zephyr_sdk_0_15_1_riscv64_zephyr_elf_bin____lib_gcc_riscv64_zephyr_elf_12_1_0_include_fixed___Wl___unresolved_symbols_ignore_in_object_files__Wl___entry_0 succeeded with the following output:
Change Dir: /workdir/build/CMakeFiles/CMakeTmp

Run Build Command(s):/usr/bin/ninja cmTC_5752a && [1/2] Building C object CMakeFiles/cmTC_5752a.dir/src.c.obj
[2/2] Linking C executable cmTC_5752a


Source file was:
int main(void) { return 0; }
Performing C SOURCE FILE Test check_ftls_model_local_exec_C__nostartfiles__nostdlib__isystem___opt_toolchains_zephyr_sdk_0_15_1_riscv64_zephyr_elf_bin____lib_gcc_riscv64_zephyr_elf_12_1_0_include___isystem___opt_toolchains_zephyr_sdk_0_15_1_riscv64_zephyr_elf_bin____lib_gcc_riscv64_zephyr_elf_12_1_0_include_fixed___Wl___unresolved_symbols_ignore_in_object_files__Wl___entry_0 succeeded with the following output:
Change Dir: /workdir/build/CMakeFiles/CMakeTmp

Run Build Command(s):/usr/bin/ninja cmTC_4e4b6 && [1/2] Building C object CMakeFiles/cmTC_4e4b6.dir/src.c.obj
[2/2] Linking C executable cmTC_4e4b6


Source file was:
int main(void) { return 0; }
Performing C SOURCE FILE Test check_fno_reorder_functions_C__nostartfiles__nostdlib__isystem___opt_toolchains_zephyr_sdk_0_15_1_riscv64_zephyr_elf_bin____lib_gcc_riscv64_zephyr_elf_12_1_0_include___isystem___opt_toolchains_zephyr_sdk_0_15_1_riscv64_zephyr_elf_bin____lib_gcc_riscv64_zephyr_elf_12_1_0_include_fixed___Wl___unresolved_symbols_ignore_in_object_files__Wl___entry_0 succeeded with the following output:
Change Dir: /workdir/build/CMakeFiles/CMakeTmp

Run Build Command(s):/usr/bin/ninja cmTC_2ae51 && [1/2] Building C object CMakeFiles/cmTC_2ae51.dir/src.c.obj
[2/2] Linking C executable cmTC_2ae51


Source file was:
int main(void) { return 0; }
Performing C SOURCE FILE Test check__param_min_pagesize_0_C__nostartfiles__nostdlib__isystem___opt_toolchains_zephyr_sdk_0_15_1_riscv64_zephyr_elf_bin____lib_gcc_riscv64_zephyr_elf_12_1_0_include___isystem___opt_toolchains_zephyr_sdk_0_15_1_riscv64_zephyr_elf_bin____lib_gcc_riscv64_zephyr_elf_12_1_0_include_fixed___Wl___unresolved_symbols_ignore_in_object_files__Wl___entry_0 succeeded with the following output:
Change Dir: /workdir/build/CMakeFiles/CMakeTmp

Run Build Command(s):/usr/bin/ninja cmTC_08458 && [1/2] Building C object CMakeFiles/cmTC_08458.dir/src.c.obj
[2/2] Linking C executable cmTC_08458


Source file was:
int main(void) { return 0; }
Performing C SOURCE FILE Test check_fno_defer_pop_C__nostartfiles__nostdlib__isystem___opt_toolchains_zephyr_sdk_0_15_1_riscv64_zephyr_elf_bin____lib_gcc_riscv64_zephyr_elf_12_1_0_include___isystem___opt_toolchains_zephyr_sdk_0_15_1_riscv64_zephyr_elf_bin____lib_gcc_riscv64_zephyr_elf_12_1_0_include_fixed___Wl___unresolved_symbols_ignore_in_object_files__Wl___entry_0 succeeded with the following output:
Change Dir: /workdir/build/CMakeFiles/CMakeTmp

Run Build Command(s):/usr/bin/ninja cmTC_cc890 && [1/2] Building C object CMakeFiles/cmTC_cc890.dir/src.c.obj
[2/2] Linking C executable cmTC_cc890


Source file was:
int main(void) { return 0; }
Performing C SOURCE FILE Test check_fmacro_prefix_map__workdir_zephyr_samples_hello_world_CMAKE_SOURCE_DIR_C__nostartfiles__nostdlib__isystem___opt_toolchains_zephyr_sdk_0_15_1_riscv64_zephyr_elf_bin____lib_gcc_riscv64_zephyr_elf_12_1_0_include___isystem___opt_toolchains_zephyr_sdk_0_15_1_riscv64_zephyr_elf_bin____lib_gcc_riscv64_zephyr_elf_12_1_0_include_fixed___Wl___unresolved_symbols_ignore_in_object_files__Wl___entry_0 succeeded with the following output:
Change Dir: /workdir/build/CMakeFiles/CMakeTmp

Run Build Command(s):/usr/bin/ninja cmTC_89679 && [1/2] Building C object CMakeFiles/cmTC_89679.dir/src.c.obj
[2/2] Linking C executable cmTC_89679


Source file was:
int main(void) { return 0; }
Performing C SOURCE FILE Test check_fmacro_prefix_map__workdir_zephyr_ZEPHYR_BASE_C__nostartfiles__nostdlib__isystem___opt_toolchains_zephyr_sdk_0_15_1_riscv64_zephyr_elf_bin____lib_gcc_riscv64_zephyr_elf_12_1_0_include___isystem___opt_toolchains_zephyr_sdk_0_15_1_riscv64_zephyr_elf_bin____lib_gcc_riscv64_zephyr_elf_12_1_0_include_fixed___Wl___unresolved_symbols_ignore_in_object_files__Wl___entry_0 succeeded with the following output:
Change Dir: /workdir/build/CMakeFiles/CMakeTmp

Run Build Command(s):/usr/bin/ninja cmTC_46be1 && [1/2] Building C object CMakeFiles/cmTC_46be1.dir/src.c.obj
[2/2] Linking C executable cmTC_46be1


Source file was:
int main(void) { return 0; }
Performing C SOURCE FILE Test check_fmacro_prefix_map__workdir_WEST_TOPDIR_C__nostartfiles__nostdlib__isystem___opt_toolchains_zephyr_sdk_0_15_1_riscv64_zephyr_elf_bin____lib_gcc_riscv64_zephyr_elf_12_1_0_include___isystem___opt_toolchains_zephyr_sdk_0_15_1_riscv64_zephyr_elf_bin____lib_gcc_riscv64_zephyr_elf_12_1_0_include_fixed___Wl___unresolved_symbols_ignore_in_object_files__Wl___entry_0 succeeded with the following output:
Change Dir: /workdir/build/CMakeFiles/CMakeTmp

Run Build Command(s):/usr/bin/ninja cmTC_a4d9d && [1/2] Building C object CMakeFiles/cmTC_a4d9d.dir/src.c.obj
[2/2] Linking C executable cmTC_a4d9d


Source file was:
int main(void) { return 0; }
Performing C SOURCE FILE Test check_ffunction_sections_C__nostartfiles__nostdlib__isystem___opt_toolchains_zephyr_sdk_0_15_1_riscv64_zephyr_elf_bin____lib_gcc_riscv64_zephyr_elf_12_1_0_include___isystem___opt_toolchains_zephyr_sdk_0_15_1_riscv64_zephyr_elf_bin____lib_gcc_riscv64_zephyr_elf_12_1_0_include_fixed___Wl___unresolved_symbols_ignore_in_object_files__Wl___entry_0 succeeded with the following output:
Change Dir: /workdir/build/CMakeFiles/CMakeTmp

Run Build Command(s):/usr/bin/ninja cmTC_cdd55 && [1/2] Building C object CMakeFiles/cmTC_cdd55.dir/src.c.obj
[2/2] Linking C executable cmTC_cdd55


Source file was:
int main(void) { return 0; }
Performing C SOURCE FILE Test check_fdata_sections_C__nostartfiles__nostdlib__isystem___opt_toolchains_zephyr_sdk_0_15_1_riscv64_zephyr_elf_bin____lib_gcc_riscv64_zephyr_elf_12_1_0_include___isystem___opt_toolchains_zephyr_sdk_0_15_1_riscv64_zephyr_elf_bin____lib_gcc_riscv64_zephyr_elf_12_1_0_include_fixed___Wl___unresolved_symbols_ignore_in_object_files__Wl___entry_0 succeeded with the following output:
Change Dir: /workdir/build/CMakeFiles/CMakeTmp

Run Build Command(s):/usr/bin/ninja cmTC_e69ce && [1/2] Building C object CMakeFiles/cmTC_e69ce.dir/src.c.obj
[2/2] Linking C executable cmTC_e69ce


Source file was:
int main(void) { return 0; }
